<?xml version="1.0" encoding="UTF-8"?>
<!-- Generated by org.testng.reporters.JUnitXMLReporter -->
<testsuite ignored="6" hostname="DESKTOP-S4FF1A9" failures="0" tests="3" name="GRP-regression" time="0.112" errors="0" timestamp="2024-04-06T18:16:53 IST">
  <testcase classname="TestNGDemo.GroupingDemo" name="signupbyfacebook" time="0.017"/>
  <testcase classname="TestNGDemo.GroupingDemo" name="signupbytwitter" time="0.002"/>
  <testcase classname="TestNGDemo.GroupingDemo" name="paymentReturnbyBank" time="0.002"/>
  <testcase classname="TestNGDemo.GroupingDemo" name="signupbyemail" time="0.0">
    <ignored/>
  </testcase> <!-- signupbyemail -->
  <testcase classname="TestNGDemo.GroupingDemo" name="loginBytwitter" time="0.0">
    <ignored/>
  </testcase> <!-- loginBytwitter -->
  <testcase classname="TestNGDemo.GroupingDemo" name="loginbyEmail" time="0.0">
    <ignored/>
  </testcase> <!-- loginbyEmail -->
  <testcase classname="TestNGDemo.GroupingDemo" name="paymentinrupees" time="0.0">
    <ignored/>
  </testcase> <!-- paymentinrupees -->
  <testcase classname="TestNGDemo.GroupingDemo" name="loginByfacebook" time="0.0">
    <ignored/>
  </testcase> <!-- loginByfacebook -->
  <testcase classname="TestNGDemo.GroupingDemo" name="paymentindollar" time="0.0">
    <ignored/>
  </testcase> <!-- paymentindollar -->
</testsuite> <!-- GRP-regression -->
