<?xml version="1.0" encoding="UTF-8"?>
<!-- Generated by org.testng.reporters.JUnitXMLReporter -->
<testsuite ignored="0" hostname="DESKTOP-S4FF1A9" failures="0" tests="8" name="Banking Application WebBased" time="170.674" errors="0" timestamp="2023-09-10T20:58:06 IST">
  <testcase classname="com.BankingAutomation.testCases.TC_loginTest001" name="loginTest" time="4.948"/>
  <testcase classname="com.BankingAutomation.testCases.TC_LoginTest_DDT" name="loginDDT" time="13.892"/>
  <testcase classname="com.BankingAutomation.testCases.TC_LoginTest_DDT" name="loginDDT" time="16.057"/>
  <testcase classname="com.BankingAutomation.testCases.TC_LoginTest_DDT" name="loginDDT" time="13.493"/>
  <testcase classname="com.BankingAutomation.testCases.TC_LoginTest_DDT" name="loginDDT" time="12.402"/>
  <testcase classname="com.BankingAutomation.testCases.TC_LoginTest_DDT" name="loginDDT" time="13.971"/>
  <testcase classname="com.BankingAutomation.testCases.TC_AddCustomerTest" name="addCustomer" time="34.962"/>
  <testcase classname="com.BankingAutomation.testCases.DeleteCustomer" name="deletecust" time="14.05"/>
</testsuite> <!-- Banking Application WebBased -->
