<?xml version="1.0" encoding="UTF-8"?>
<!-- Generated by org.testng.reporters.JUnitXMLReporter -->
<testsuite ignored="0" hostname="DESKTOP-S4FF1A9" failures="1" tests="3" name="Test" time="0.546" errors="0" timestamp="2024-04-09T13:44:41 IST">
  <testcase classname="TestNGDemo.ListenerDemo" name="test1" time="0.434"/>
  <testcase classname="TestNGDemo.ListenerDemo" name="test2" time="0.004">
    <failure type="java.lang.AssertionError" message="expected [B] but found [A]">
      <![CDATA[java.lang.AssertionError: expected [B] but found [A]
at TestNGDemo.ListenerDemo.test2(ListenerDemo.java:16)
at java.base/java.util.ArrayList.forEach(ArrayList.java:1511)
... Removed 33 stack frames]]>
    </failure>
  </testcase> <!-- test2 -->
  <testcase classname="TestNGDemo.ListenerDemo" name="test3" time="0.0">
    <skipped/>
  </testcase> <!-- test3 -->
</testsuite> <!-- Test -->
