<?xml version="1.0" encoding="UTF-8"?>
<!-- Generated by org.testng.reporters.JUnitXMLReporter -->
<testsuite ignored="0" hostname="DESKTOP-S4FF1A9" failures="1" tests="1" name="Banking Application WebBased(failed)" time="16.909" errors="0" timestamp="2023-08-20T22:03:54 IST">
  <testcase classname="com.BankingAutomation.testCases.loginTest001" name="loginTest" time="4.805">
    <failure type="java.lang.NullPointerException" message="Cannot invoke &amp;quot;com.aventstack.extentreports.ExtentReports.createTest(String)&amp;quot; because &amp;quot;this.reporter&amp;quot; is null">
      <![CDATA[java.lang.NullPointerException: Cannot invoke "com.aventstack.extentreports.ExtentReports.createTest(String)" because "this.reporter" is null
at com.BankingAutomation.utilities.Reporting.onTestSuccess(Reporting.java:43)
at java.base/java.util.ArrayList.forEach(ArrayList.java:1511)
... Removed 24 stack frames]]>
    </failure>
  </testcase> <!-- loginTest -->
</testsuite> <!-- Banking Application WebBased(failed) -->
