<?xml version="1.0" encoding="UTF-8"?>
<!-- Generated by org.testng.reporters.JUnitXMLReporter -->
<testsuite ignored="3" hostname="DESKTOP-S4FF1A9" failures="0" tests="6" name="Sanity Test Suite" time="0.15" errors="0" timestamp="2024-04-06T20:56:59 IST">
  <testcase classname="TestNGDemo.GroupingDemoTest" name="loginbyEmail" time="0.018"/>
  <testcase classname="TestNGDemo.GroupingDemoTest" name="loginByfacebook" time="0.003"/>
  <testcase classname="TestNGDemo.GroupingDemoTest" name="loginBytwitter" time="0.003"/>
  <testcase classname="TestNGDemo.GroupingDemoTest" name="signupbyemail" time="0.003"/>
  <testcase classname="TestNGDemo.GroupingDemoTest" name="paymentindollar" time="0.003"/>
  <testcase classname="TestNGDemo.GroupingDemoTest" name="paymentinrupees" time="0.004"/>
  <testcase classname="TestNGDemo.GroupingDemoTest" name="signupbyfacebook" time="0.0">
    <ignored/>
  </testcase> <!-- signupbyfacebook -->
  <testcase classname="TestNGDemo.GroupingDemoTest" name="paymentReturnbyBank" time="0.0">
    <ignored/>
  </testcase> <!-- paymentReturnbyBank -->
  <testcase classname="TestNGDemo.GroupingDemoTest" name="signupbytwitter" time="0.0">
    <ignored/>
  </testcase> <!-- signupbytwitter -->
</testsuite> <!-- Sanity Test Suite -->
