<?xml version="1.0" encoding="UTF-8"?>
<testsuite xmlns:xsi="http://www.w3.org/2001/XMLSchema-instance" xsi:noNamespaceSchemaLocation="https://maven.apache.org/surefire/maven-surefire-plugin/xsd/surefire-test-report-3.0.xsd" version="3.0" name="TestSuite" time="172.565" tests="8" errors="0" skipped="0" failures="0">
  <properties>
[...]
</properties>
  <testcase name="loginTest" classname="com.BankingAutomation.testCases.TC_loginTest001" time="4.967">
    <system-out><![CDATA[ INFO [main] (BaseClass.java:43)- Chrome instance is open
 INFO [main] (BaseClass.java:45)- launching URL
================LogIn Test Case===============
 INFO [main] (TC_loginTest001.java:19)- UserName is entered sucessfully
 INFO [main] (TC_loginTest001.java:21)- Password is entered sucessfully
 INFO [main] (TC_loginTest001.java:23)- Submit button is clicked
Guru99 Bank Manager HomePage
 INFO [main] (TC_loginTest001.java:29)- Title Matched
logout Clicked
]]></system-out>
    <system-err><![CDATA[log4j:WARN No appenders could be found for logger (org.testng.TestNG).
log4j:WARN Please initialize the log4j system properly.
log4j:WARN See http://logging.apache.org/log4j/1.2/faq.html#noconfig for more info.
Sep 10, 2023 8:55:24 PM org.openqa.selenium.devtools.CdpVersionFinder findNearestMatch
WARNING: Unable to find an exact match for CDP version 116, so returning the closest version found: 115
]]></system-err>
  </testcase>
  <testcase name="loginDDT[mngr136913, Omn@12](1)" classname="com.BankingAutomation.testCases.TC_LoginTest_DDT" time="13.895">
    <system-out><![CDATA[Alert Text : You Have Succesfully Logged Out!!
 INFO [main] (BaseClass.java:52)- Test Case ended and Chrome is closed
 INFO [main] (BaseClass.java:43)- Chrome instance is open
 INFO [main] (BaseClass.java:45)- launching URL
 INFO [main] (TC_LoginTest_DDT.java:20)- User Name set successfully
 INFO [main] (TC_LoginTest_DDT.java:22)- Password set successfully
 INFO [main] (TC_LoginTest_DDT.java:24)- Submit Button Clicked
 INFO [main] (TC_LoginTest_DDT.java:36)- Login passed
]]></system-out>
    <system-err><![CDATA[Sep 10, 2023 8:55:39 PM org.openqa.selenium.devtools.CdpVersionFinder findNearestMatch
WARNING: Unable to find an exact match for CDP version 116, so returning the closest version found: 115
]]></system-err>
  </testcase>
  <testcase name="loginDDT[mngr136913, Omn@12](2)" classname="com.BankingAutomation.testCases.TC_LoginTest_DDT" time="16.062">
    <system-out><![CDATA[ INFO [main] (TC_LoginTest_DDT.java:20)- User Name set successfully
 INFO [main] (TC_LoginTest_DDT.java:22)- Password set successfully
 INFO [main] (TC_LoginTest_DDT.java:24)- Submit Button Clicked
 INFO [main] (TC_LoginTest_DDT.java:36)- Login passed
]]></system-out>
  </testcase>
  <testcase name="loginDDT[mngr136913, Omn@12](3)" classname="com.BankingAutomation.testCases.TC_LoginTest_DDT" time="13.493">
    <system-out><![CDATA[ INFO [main] (TC_LoginTest_DDT.java:20)- User Name set successfully
 INFO [main] (TC_LoginTest_DDT.java:22)- Password set successfully
 INFO [main] (TC_LoginTest_DDT.java:24)- Submit Button Clicked
 INFO [main] (TC_LoginTest_DDT.java:36)- Login passed
]]></system-out>
  </testcase>
  <testcase name="loginDDT[mngr136913, Omn@12](4)" classname="com.BankingAutomation.testCases.TC_LoginTest_DDT" time="12.402">
    <system-out><![CDATA[ INFO [main] (TC_LoginTest_DDT.java:20)- User Name set successfully
 INFO [main] (TC_LoginTest_DDT.java:22)- Password set successfully
 INFO [main] (TC_LoginTest_DDT.java:24)- Submit Button Clicked
 INFO [main] (TC_LoginTest_DDT.java:36)- Login passed
]]></system-out>
  </testcase>
  <testcase name="loginDDT[mngr136913, Omn@12](5)" classname="com.BankingAutomation.testCases.TC_LoginTest_DDT" time="13.973">
    <system-out><![CDATA[ INFO [main] (TC_LoginTest_DDT.java:20)- User Name set successfully
 INFO [main] (TC_LoginTest_DDT.java:22)- Password set successfully
 INFO [main] (TC_LoginTest_DDT.java:24)- Submit Button Clicked
 INFO [main] (TC_LoginTest_DDT.java:36)- Login passed
]]></system-out>
  </testcase>
  <testcase name="addCustomer" classname="com.BankingAutomation.testCases.TC_AddCustomerTest" time="34.959">
    <system-out><![CDATA[No alert found: no such alert
  (Session info: chrome=116.0.5845.180)
Build info: version: '4.11.0', revision: '040bc5406b'
System info: os.name: 'Windows 10', os.arch: 'amd64', os.version: '10.0', java.version: '15.0.1'
Driver info: org.openqa.selenium.chrome.ChromeDriver
Command: [7af30e43d04fb644e6823ee6470f3fdc, getAlertText {}]
Capabilities {acceptInsecureCerts: false, browserName: chrome, browserVersion: 116.0.5845.180, chrome: {chromedriverVersion: 116.0.5845.96 (1a3918166880..., userDataDir: C:\Users\PRERIT~1\AppData\L...}, fedcm:accounts: true, goog:chromeOptions: {debuggerAddress: localhost:52617}, networkConnectionEnabled: false, pageLoadStrategy: normal, platformName: windows, proxy: Proxy(), se:cdp: ws://localhost:52617/devtoo..., se:cdpVersion: 116.0.5845.180, setWindowRect: true, strictFileInteractability: false, timeouts: {implicit: 0, pageLoad: 300000, script: 30000}, unhandledPromptBehavior: dismiss and notify, webauthn:extension:credBlob: true, webauthn:extension:largeBlob: true, webauthn:extension:minPinLength: true, webauthn:extension:prf: true, webauthn:virtualAuthenticators: true}
Session ID: 7af30e43d04fb644e6823ee6470f3fdc
 INFO [main] (BaseClass.java:52)- Test Case ended and Chrome is closed
 INFO [main] (BaseClass.java:43)- Chrome instance is open
 INFO [main] (BaseClass.java:45)- launching URL
 INFO [main] (TC_AddCustomerTest.java:21)- User Name set successfully
 INFO [main] (TC_AddCustomerTest.java:23)- Password set successfully
 INFO [main] (TC_AddCustomerTest.java:25)- Submit Button Clicked
 INFO [main] (TC_AddCustomerTest.java:32)- Add Customer is clicked
checkButtonX: 1
 INFO [main] (TC_AddCustomerTest.java:80)- Submit btn clicked
Customer Registered Successfully!!!
Registered Customer details are as follows:

Customer ID
26161
Customer Name
Dikshita
Gender
male
Birthdate
2000-10-15
Address
INDIA
City
Dewas
State
Dewas
Pin
500007
Mobile No.
987890091
Email
pphYZUFC@gmail.com
Continue
 INFO [main] (TC_AddCustomerTest.java:98)- logOut clicked
]]></system-out>
    <system-err><![CDATA[Sep 10, 2023 8:57:00 PM org.openqa.selenium.devtools.CdpVersionFinder findNearestMatch
WARNING: Unable to find an exact match for CDP version 116, so returning the closest version found: 115
]]></system-err>
  </testcase>
  <testcase name="deletecust[86817](1)" classname="com.BankingAutomation.testCases.DeleteCustomer" time="14.058">
    <system-out><![CDATA[Alert Text : You Have Succesfully Logged Out!!
 INFO [main] (BaseClass.java:52)- Test Case ended and Chrome is closed
 INFO [main] (BaseClass.java:43)- Chrome instance is open
 INFO [main] (BaseClass.java:45)- launching URL
-------------------Deleteing Customer-----------------
 INFO [main] (DeleteCustomer.java:20)- LogIn bn clicked
Delete
--------------------Handling Google Adds ------------------------
checkButtonX: 1
 INFO [main] (DeleteCustomer.java:38)- 86817 entered
86817 entered
 INFO [main] (DeleteCustomer.java:41)- Submit btn Clicked
Submit btn Clicked
Alert Text : Do you really want to delete this Customer?
Alert Text : Customer does not Exist!!!
 INFO [main] (DeleteCustomer.java:50)- logOut clicked
Alert Text : You Have Succesfully Logged Out!!
]]></system-out>
    <system-err><![CDATA[Sep 10, 2023 8:57:44 PM org.openqa.selenium.devtools.CdpVersionFinder findNearestMatch
WARNING: Unable to find an exact match for CDP version 116, so returning the closest version found: 115
]]></system-err>
  </testcase>
</testsuite>